<model>
  <header>
    <title>G-Quiz</title>
    <description>Test</description>
    <creationtime>1294402062029</creationtime>
    <updatetime>1294580983281</updatetime>
    <modeluuid>7BFECB22-5106-3A00-1950-605B2DE75210</modeluuid>
    <authoruuid>ed994594-9937-4b4f-9307-f5c2ff07381c</authoruuid>
    <authorisation>readwrite</authorisation>
    <modeltype>crt</modeltype>
  </header>
  <body>
    <crt>
      <comment/>
      <crtdialect>CRT</crtdialect>
      <parameter name="" type=""/>
      <visualrepresentation>
        <colour>#000000</colour>
        <shape>diamond</shape>
      </visualrepresentation>
      <adaptationbehaviour>
        <code type="gale"><![CDATA[]]></code>
        <usermodel>
          <umvariable>
            <umvarname>done</umvarname>
            <socket>self</socket>
            <public>false</public>
            <persistent>false</persistent>
            <location>
              <web/>
              <remotecourse>
                <remotecoursename/>
                <resource>
                  <resourceuniqueid/>
                  <resourcename/>
                </resource>
              </remotecourse>
            </location>
            <type>boolean</type>
            <range/>
            <default><![CDATA[false]]></default>
          </umvariable>
          <umvariable>
            <umvarname>knowledge</umvarname>
            <socket>self</socket>
            <public>false</public>
            <persistent>false</persistent>
            <location>
              <web/>
              <remotecourse>
                <remotecoursename/>
                <resource>
                  <resourceuniqueid/>
                  <resourcename/>
                </resource>
              </remotecourse>
            </location>
            <type>float</type>
            <range/>
            <default><![CDATA[0]]></default>
          </umvariable>
          <umvariable>
            <umvarname>visited</umvarname>
            <socket>self</socket>
            <public>false</public>
            <persistent>false</persistent>
            <location>
              <web/>
              <remotecourse>
                <remotecoursename/>
                <resource>
                  <resourceuniqueid/>
                  <resourcename/>
                </resource>
              </remotecourse>
            </location>
            <type>integer</type>
            <range/>
            <default><![CDATA[0]]></default>
          </umvariable>
        </usermodel>
      </adaptationbehaviour>
      <constraints>
        <loopsallowed>false</loopsallowed>
        <attributeconstraints/>
        <umvariableconstraints/>
      </constraints>
      <crtsockets>
        <socket type="self">
          <uuid>52f4714b-bb75-93c5-7cfd-606094d46aec</uuid>
          <name>self</name>
          <mincardinality>*</mincardinality>
          <maxcardinality>*</maxcardinality>
        </socket>
      </crtsockets>
      <associateddmrelations/>
    </crt>
  </body>
</model>