<model>
  <header>
    <title>G-Public-Knowledge</title>
    <description>Public knowledge</description>
    <creationtime>1294737881001</creationtime>
    <updatetime/>
    <modeluuid>19F06E32-2E66-5ECB-1219-7464395FC212</modeluuid>
    <authoruuid>ed994594-9937-4b4f-9307-f5c2ff07381c</authoruuid>
    <authorisation>readwrite</authorisation>
    <modeltype>crt</modeltype>
  </header>
  <body>
    <crt>
      <comment/>
      <crtdialect>CRT</crtdialect>
      <parameter name="" type=""/>
      <visualrepresentation>
        <colour>#000000</colour>
        <shape>diamond</shape>
      </visualrepresentation>
      <adaptationbehaviour>
        <code type="gale"><![CDATA[%self% {  #knowledgeHistory:Float {     public `true`     authorative `true`  } #knowledgeShots:Float {     public `true`     authorative `true`  } #knowledgeGame:Float {     public `true`     authorative `true`  } #knowledgeTournaments:Float {     public `true`     authorative `true`  }}]]></code>
        <usermodel>
          <umvariable>
            <umvarname>knowledgeHistory</umvarname>
            <socket>self</socket>
            <public>false</public>
            <persistent>false</persistent>
            <location>
              <web/>
              <remotecourse>
                <remotecoursename/>
                <resource>
                  <resourceuniqueid/>
                  <resourcename/>
                </resource>
              </remotecourse>
            </location>
            <type>float</type>
            <range/>
            <default><![CDATA[0]]></default>
          </umvariable>
          <umvariable>
            <umvarname>knowledgeShots</umvarname>
            <socket>self</socket>
            <public>false</public>
            <persistent>false</persistent>
            <location>
              <web/>
              <remotecourse>
                <remotecoursename/>
                <resource>
                  <resourceuniqueid/>
                  <resourcename/>
                </resource>
              </remotecourse>
            </location>
            <type>float</type>
            <range/>
            <default><![CDATA[0]]></default>
          </umvariable>
          <umvariable>
            <umvarname>knowledgeGame</umvarname>
            <socket>self</socket>
            <public>false</public>
            <persistent>false</persistent>
            <location>
              <web/>
              <remotecourse>
                <remotecoursename/>
                <resource>
                  <resourceuniqueid/>
                  <resourcename/>
                </resource>
              </remotecourse>
            </location>
            <type>float</type>
            <range/>
            <default><![CDATA[0]]></default>
          </umvariable>
          <umvariable>
            <umvarname>knowledgeTournaments</umvarname>
            <socket>self</socket>
            <public>false</public>
            <persistent>false</persistent>
            <location>
              <web/>
              <remotecourse>
                <remotecoursename/>
                <resource>
                  <resourceuniqueid/>
                  <resourcename/>
                </resource>
              </remotecourse>
            </location>
            <type>float</type>
            <range/>
            <default><![CDATA[0]]></default>
          </umvariable>
        </usermodel>
      </adaptationbehaviour>
      <constraints>
        <loopsallowed>false</loopsallowed>
        <attributeconstraints/>
        <umvariableconstraints/>
      </constraints>
      <crtsockets>
        <socket type="self">
          <uuid>da89acde-3cf6-e8be-1600-74652cd6df6f</uuid>
          <name>self</name>
          <mincardinality>*</mincardinality>
          <maxcardinality>*</maxcardinality>
        </socket>
      </crtsockets>
      <associateddmrelations/>
    </crt>
  </body>
</model>